2023-01-19 19:20:56 [INFO ] main SpringApplication.java:655 com.xja.srb.core.ServiceCoreApplication The following profiles are active: dev
2023-01-19 19:21:01 [INFO ] main SpringApplication.java:655 com.xja.ServiceOssApplication The following profiles are active: dev
2023-01-19 19:21:04 [INFO ] main SpringApplication.java:655 com.xja.srb.sms.ServiceSmsApplication The following profiles are active: dev
2023-01-19 19:21:05 [INFO ] main StartupInfoLogger.java:61 com.xja.srb.core.ServiceCoreApplication Started ServiceCoreApplication in 11.559 seconds (JVM running for 12.737)
2023-01-19 19:21:06 [INFO ] main StartupInfoLogger.java:61 com.xja.ServiceOssApplication Started ServiceOssApplication in 8.658 seconds (JVM running for 10.071)
2023-01-19 19:21:09 [INFO ] main StartupInfoLogger.java:61 com.xja.srb.sms.ServiceSmsApplication Started ServiceSmsApplication in 7.21 seconds (JVM running for 8.646)
2023-01-19 19:23:58 [INFO ] http-nio-8120-exec-4 Assert.java:44 com.xja.common.exception.Assert fail...............
2023-01-19 19:23:58 [ERROR] http-nio-8120-exec-4 UnifiedExceptionHandler.java:55 com.xja.common.exception.UnifiedExceptionHandler 手机号已被注册
com.xja.common.exception.BusinessException: 手机号已被注册
	at com.xja.common.exception.Assert.isTrue(Assert.java:45)
	at com.xja.srb.sms.controller.api.ApiSmsController.send(ApiSmsController.java:58)
	at sun.reflect.NativeMethodAccessorImpl.invoke0(Native Method)
	at sun.reflect.NativeMethodAccessorImpl.invoke(NativeMethodAccessorImpl.java:62)
	at sun.reflect.DelegatingMethodAccessorImpl.invoke(DelegatingMethodAccessorImpl.java:43)
	at java.lang.reflect.Method.invoke(Method.java:498)
	at org.springframework.web.method.support.InvocableHandlerMethod.doInvoke(InvocableHandlerMethod.java:190)
	at org.springframework.web.method.support.InvocableHandlerMethod.invokeForRequest(InvocableHandlerMethod.java:138)
	at org.springframework.web.servlet.mvc.method.annotation.ServletInvocableHandlerMethod.invokeAndHandle(ServletInvocableHandlerMethod.java:105)
	at org.springframework.web.servlet.mvc.method.annotation.RequestMappingHandlerAdapter.invokeHandlerMethod(RequestMappingHandlerAdapter.java:878)
	at org.springframework.web.servlet.mvc.method.annotation.RequestMappingHandlerAdapter.handleInternal(RequestMappingHandlerAdapter.java:792)
	at org.springframework.web.servlet.mvc.method.AbstractHandlerMethodAdapter.handle(AbstractHandlerMethodAdapter.java:87)
	at org.springframework.web.servlet.DispatcherServlet.doDispatch(DispatcherServlet.java:1040)
	at org.springframework.web.servlet.DispatcherServlet.doService(DispatcherServlet.java:943)
	at org.springframework.web.servlet.FrameworkServlet.processRequest(FrameworkServlet.java:1006)
	at org.springframework.web.servlet.FrameworkServlet.doGet(FrameworkServlet.java:898)
	at javax.servlet.http.HttpServlet.service(HttpServlet.java:626)
	at org.springframework.web.servlet.FrameworkServlet.service(FrameworkServlet.java:883)
	at javax.servlet.http.HttpServlet.service(HttpServlet.java:733)
	at org.apache.catalina.core.ApplicationFilterChain.internalDoFilter(ApplicationFilterChain.java:227)
	at org.apache.catalina.core.ApplicationFilterChain.doFilter(ApplicationFilterChain.java:162)
	at org.apache.tomcat.websocket.server.WsFilter.doFilter(WsFilter.java:53)
	at org.apache.catalina.core.ApplicationFilterChain.internalDoFilter(ApplicationFilterChain.java:189)
	at org.apache.catalina.core.ApplicationFilterChain.doFilter(ApplicationFilterChain.java:162)
	at org.springframework.web.filter.RequestContextFilter.doFilterInternal(RequestContextFilter.java:100)
	at org.springframework.web.filter.OncePerRequestFilter.doFilter(OncePerRequestFilter.java:119)
	at org.apache.catalina.core.ApplicationFilterChain.internalDoFilter(ApplicationFilterChain.java:189)
	at org.apache.catalina.core.ApplicationFilterChain.doFilter(ApplicationFilterChain.java:162)
	at org.springframework.web.filter.FormContentFilter.doFilterInternal(FormContentFilter.java:93)
	at org.springframework.web.filter.OncePerRequestFilter.doFilter(OncePerRequestFilter.java:119)
	at org.apache.catalina.core.ApplicationFilterChain.internalDoFilter(ApplicationFilterChain.java:189)
	at org.apache.catalina.core.ApplicationFilterChain.doFilter(ApplicationFilterChain.java:162)
	at org.springframework.web.filter.CharacterEncodingFilter.doFilterInternal(CharacterEncodingFilter.java:201)
	at org.springframework.web.filter.OncePerRequestFilter.doFilter(OncePerRequestFilter.java:119)
	at org.apache.catalina.core.ApplicationFilterChain.internalDoFilter(ApplicationFilterChain.java:189)
	at org.apache.catalina.core.ApplicationFilterChain.doFilter(ApplicationFilterChain.java:162)
	at org.apache.catalina.core.StandardWrapperValve.invoke(StandardWrapperValve.java:202)
	at org.apache.catalina.core.StandardContextValve.invoke(StandardContextValve.java:97)
	at org.apache.catalina.authenticator.AuthenticatorBase.invoke(AuthenticatorBase.java:542)
	at org.apache.catalina.core.StandardHostValve.invoke(StandardHostValve.java:143)
	at org.apache.catalina.valves.ErrorReportValve.invoke(ErrorReportValve.java:92)
	at org.apache.catalina.core.StandardEngineValve.invoke(StandardEngineValve.java:78)
	at org.apache.catalina.connector.CoyoteAdapter.service(CoyoteAdapter.java:346)
	at org.apache.coyote.http11.Http11Processor.service(Http11Processor.java:374)
	at org.apache.coyote.AbstractProcessorLight.process(AbstractProcessorLight.java:65)
	at org.apache.coyote.AbstractProtocol$ConnectionHandler.process(AbstractProtocol.java:887)
	at org.apache.tomcat.util.net.NioEndpoint$SocketProcessor.doRun(NioEndpoint.java:1684)
	at org.apache.tomcat.util.net.SocketProcessorBase.run(SocketProcessorBase.java:49)
	at java.util.concurrent.ThreadPoolExecutor.runWorker(ThreadPoolExecutor.java:1149)
	at java.util.concurrent.ThreadPoolExecutor$Worker.run(ThreadPoolExecutor.java:624)
	at org.apache.tomcat.util.threads.TaskThread$WrappingRunnable.run(TaskThread.java:61)
	at java.lang.Thread.run(Thread.java:748)
2023-01-19 19:28:11 [INFO ] main SpringApplication.java:655 com.xja.srb.sms.ServiceSmsApplication The following profiles are active: dev
2023-01-19 19:28:14 [INFO ] main SpringApplication.java:655 com.xja.srb.core.ServiceCoreApplication The following profiles are active: dev
2023-01-19 19:28:17 [INFO ] main SpringApplication.java:655 com.xja.ServiceOssApplication The following profiles are active: dev
2023-01-19 19:28:17 [INFO ] main StartupInfoLogger.java:61 com.xja.srb.sms.ServiceSmsApplication Started ServiceSmsApplication in 8.472 seconds (JVM running for 9.607)
2023-01-19 19:28:21 [INFO ] main StartupInfoLogger.java:61 com.xja.srb.core.ServiceCoreApplication Started ServiceCoreApplication in 9.576 seconds (JVM running for 10.88)
2023-01-19 19:28:22 [INFO ] main StartupInfoLogger.java:61 com.xja.ServiceOssApplication Started ServiceOssApplication in 7.107 seconds (JVM running for 8.492)
2023-01-19 19:29:05 [DEBUG] http-nio-8120-exec-1 Slf4jLogger.java:72 com.xja.srb.sms.client.CoreUserInfoClient [CoreUserInfoClient#checkMobile] ---> GET http://service-core/api/core/userInfo/checkMobile/15617373038 HTTP/1.1
2023-01-19 19:29:05 [DEBUG] http-nio-8120-exec-1 Slf4jLogger.java:72 com.xja.srb.sms.client.CoreUserInfoClient [CoreUserInfoClient#checkMobile] ---> END HTTP (0-byte body)
2023-01-19 19:29:07 [DEBUG] http-nio-8120-exec-1 Slf4jLogger.java:72 com.xja.srb.sms.client.CoreUserInfoClient [CoreUserInfoClient#checkMobile] <--- HTTP/1.1 200 (1853ms)
2023-01-19 19:29:07 [DEBUG] http-nio-8120-exec-1 Slf4jLogger.java:72 com.xja.srb.sms.client.CoreUserInfoClient [CoreUserInfoClient#checkMobile] connection: keep-alive
2023-01-19 19:29:07 [DEBUG] http-nio-8120-exec-1 Slf4jLogger.java:72 com.xja.srb.sms.client.CoreUserInfoClient [CoreUserInfoClient#checkMobile] content-type: application/json
2023-01-19 19:29:07 [DEBUG] http-nio-8120-exec-1 Slf4jLogger.java:72 com.xja.srb.sms.client.CoreUserInfoClient [CoreUserInfoClient#checkMobile] date: Thu, 19 Jan 2023 11:29:07 GMT
2023-01-19 19:29:07 [DEBUG] http-nio-8120-exec-1 Slf4jLogger.java:72 com.xja.srb.sms.client.CoreUserInfoClient [CoreUserInfoClient#checkMobile] keep-alive: timeout=60
2023-01-19 19:29:07 [DEBUG] http-nio-8120-exec-1 Slf4jLogger.java:72 com.xja.srb.sms.client.CoreUserInfoClient [CoreUserInfoClient#checkMobile] transfer-encoding: chunked
2023-01-19 19:29:07 [DEBUG] http-nio-8120-exec-1 Slf4jLogger.java:72 com.xja.srb.sms.client.CoreUserInfoClient [CoreUserInfoClient#checkMobile] vary: Access-Control-Request-Headers
2023-01-19 19:29:07 [DEBUG] http-nio-8120-exec-1 Slf4jLogger.java:72 com.xja.srb.sms.client.CoreUserInfoClient [CoreUserInfoClient#checkMobile] vary: Access-Control-Request-Method
2023-01-19 19:29:07 [DEBUG] http-nio-8120-exec-1 Slf4jLogger.java:72 com.xja.srb.sms.client.CoreUserInfoClient [CoreUserInfoClient#checkMobile] vary: Origin
2023-01-19 19:29:07 [DEBUG] http-nio-8120-exec-1 Slf4jLogger.java:72 com.xja.srb.sms.client.CoreUserInfoClient [CoreUserInfoClient#checkMobile] 
2023-01-19 19:29:07 [DEBUG] http-nio-8120-exec-1 Slf4jLogger.java:72 com.xja.srb.sms.client.CoreUserInfoClient [CoreUserInfoClient#checkMobile] true
2023-01-19 19:29:07 [DEBUG] http-nio-8120-exec-1 Slf4jLogger.java:72 com.xja.srb.sms.client.CoreUserInfoClient [CoreUserInfoClient#checkMobile] <--- END HTTP (4-byte body)
2023-01-19 19:29:07 [INFO ] http-nio-8120-exec-1 Assert.java:44 com.xja.common.exception.Assert fail...............
2023-01-19 19:29:07 [ERROR] http-nio-8120-exec-1 UnifiedExceptionHandler.java:55 com.xja.common.exception.UnifiedExceptionHandler 手机号已被注册
com.xja.common.exception.BusinessException: 手机号已被注册
	at com.xja.common.exception.Assert.isTrue(Assert.java:45)
	at com.xja.srb.sms.controller.api.ApiSmsController.send(ApiSmsController.java:58)
	at sun.reflect.NativeMethodAccessorImpl.invoke0(Native Method)
	at sun.reflect.NativeMethodAccessorImpl.invoke(NativeMethodAccessorImpl.java:62)
	at sun.reflect.DelegatingMethodAccessorImpl.invoke(DelegatingMethodAccessorImpl.java:43)
	at java.lang.reflect.Method.invoke(Method.java:498)
	at org.springframework.web.method.support.InvocableHandlerMethod.doInvoke(InvocableHandlerMethod.java:190)
	at org.springframework.web.method.support.InvocableHandlerMethod.invokeForRequest(InvocableHandlerMethod.java:138)
	at org.springframework.web.servlet.mvc.method.annotation.ServletInvocableHandlerMethod.invokeAndHandle(ServletInvocableHandlerMethod.java:105)
	at org.springframework.web.servlet.mvc.method.annotation.RequestMappingHandlerAdapter.invokeHandlerMethod(RequestMappingHandlerAdapter.java:878)
	at org.springframework.web.servlet.mvc.method.annotation.RequestMappingHandlerAdapter.handleInternal(RequestMappingHandlerAdapter.java:792)
	at org.springframework.web.servlet.mvc.method.AbstractHandlerMethodAdapter.handle(AbstractHandlerMethodAdapter.java:87)
	at org.springframework.web.servlet.DispatcherServlet.doDispatch(DispatcherServlet.java:1040)
	at org.springframework.web.servlet.DispatcherServlet.doService(DispatcherServlet.java:943)
	at org.springframework.web.servlet.FrameworkServlet.processRequest(FrameworkServlet.java:1006)
	at org.springframework.web.servlet.FrameworkServlet.doGet(FrameworkServlet.java:898)
	at javax.servlet.http.HttpServlet.service(HttpServlet.java:626)
	at org.springframework.web.servlet.FrameworkServlet.service(FrameworkServlet.java:883)
	at javax.servlet.http.HttpServlet.service(HttpServlet.java:733)
	at org.apache.catalina.core.ApplicationFilterChain.internalDoFilter(ApplicationFilterChain.java:227)
	at org.apache.catalina.core.ApplicationFilterChain.doFilter(ApplicationFilterChain.java:162)
	at org.apache.tomcat.websocket.server.WsFilter.doFilter(WsFilter.java:53)
	at org.apache.catalina.core.ApplicationFilterChain.internalDoFilter(ApplicationFilterChain.java:189)
	at org.apache.catalina.core.ApplicationFilterChain.doFilter(ApplicationFilterChain.java:162)
	at org.springframework.web.filter.RequestContextFilter.doFilterInternal(RequestContextFilter.java:100)
	at org.springframework.web.filter.OncePerRequestFilter.doFilter(OncePerRequestFilter.java:119)
	at org.apache.catalina.core.ApplicationFilterChain.internalDoFilter(ApplicationFilterChain.java:189)
	at org.apache.catalina.core.ApplicationFilterChain.doFilter(ApplicationFilterChain.java:162)
	at org.springframework.web.filter.FormContentFilter.doFilterInternal(FormContentFilter.java:93)
	at org.springframework.web.filter.OncePerRequestFilter.doFilter(OncePerRequestFilter.java:119)
	at org.apache.catalina.core.ApplicationFilterChain.internalDoFilter(ApplicationFilterChain.java:189)
	at org.apache.catalina.core.ApplicationFilterChain.doFilter(ApplicationFilterChain.java:162)
	at org.springframework.web.filter.CharacterEncodingFilter.doFilterInternal(CharacterEncodingFilter.java:201)
	at org.springframework.web.filter.OncePerRequestFilter.doFilter(OncePerRequestFilter.java:119)
	at org.apache.catalina.core.ApplicationFilterChain.internalDoFilter(ApplicationFilterChain.java:189)
	at org.apache.catalina.core.ApplicationFilterChain.doFilter(ApplicationFilterChain.java:162)
	at org.apache.catalina.core.StandardWrapperValve.invoke(StandardWrapperValve.java:202)
	at org.apache.catalina.core.StandardContextValve.invoke(StandardContextValve.java:97)
	at org.apache.catalina.authenticator.AuthenticatorBase.invoke(AuthenticatorBase.java:542)
	at org.apache.catalina.core.StandardHostValve.invoke(StandardHostValve.java:143)
	at org.apache.catalina.valves.ErrorReportValve.invoke(ErrorReportValve.java:92)
	at org.apache.catalina.core.StandardEngineValve.invoke(StandardEngineValve.java:78)
	at org.apache.catalina.connector.CoyoteAdapter.service(CoyoteAdapter.java:346)
	at org.apache.coyote.http11.Http11Processor.service(Http11Processor.java:374)
	at org.apache.coyote.AbstractProcessorLight.process(AbstractProcessorLight.java:65)
	at org.apache.coyote.AbstractProtocol$ConnectionHandler.process(AbstractProtocol.java:887)
	at org.apache.tomcat.util.net.NioEndpoint$SocketProcessor.doRun(NioEndpoint.java:1684)
	at org.apache.tomcat.util.net.SocketProcessorBase.run(SocketProcessorBase.java:49)
	at java.util.concurrent.ThreadPoolExecutor.runWorker(ThreadPoolExecutor.java:1149)
	at java.util.concurrent.ThreadPoolExecutor$Worker.run(ThreadPoolExecutor.java:624)
	at org.apache.tomcat.util.threads.TaskThread$WrappingRunnable.run(TaskThread.java:61)
	at java.lang.Thread.run(Thread.java:748)
2023-01-19 21:06:49 [INFO ] main SpringApplication.java:655 com.xja.ServiceOssApplication The following profiles are active: dev
